# JMH 1.12 (released 1699 days ago, please consider updating!)
# VM version: JDK 1.8.0_212, VM 25.212-b10
# VM invoker: C:\Program Files\Java\jdk1.8.0_212\jre\bin\java.exe
# VM options: -javaagent:C:\Program Files\JetBrains\IntelliJ IDEA 2018.1.3\lib\idea_rt.jar=50282:C:\Program Files\JetBrains\IntelliJ IDEA 2018.1.3\bin -Dfile.encoding=UTF-8
# Warmup: 2 iterations, 1 s each
# Measurement: 5 iterations, 3 s each
# Timeout: 10 min per iteration
# Threads: 1 thread, will synchronize iterations
# Benchmark mode: Throughput, ops/time
# Benchmark: org.zhouhy.java8.collection.HashMapCycle.entrySet

# Run progress: 0.00% complete, ETA 00:01:59
# Fork: 1 of 1
# Warmup Iteration   1: 0.190 ops/ms
# Warmup Iteration   2: 0.612 ops/ms
Iteration   1: 0.816 ops/ms
Iteration   2: 0.864 ops/ms
Iteration   3: 0.845 ops/ms
Iteration   4: 0.854 ops/ms
Iteration   5: 0.845 ops/ms


Result "entrySet":
  0.845 ±(99.9%) 0.068 ops/ms [Average]
  (min, avg, max) = (0.816, 0.845, 0.864), stdev = 0.018
  CI (99.9%): [0.777, 0.913] (assumes normal distribution)


# JMH 1.12 (released 1699 days ago, please consider updating!)
# VM version: JDK 1.8.0_212, VM 25.212-b10
# VM invoker: C:\Program Files\Java\jdk1.8.0_212\jre\bin\java.exe
# VM options: -javaagent:C:\Program Files\JetBrains\IntelliJ IDEA 2018.1.3\lib\idea_rt.jar=50282:C:\Program Files\JetBrains\IntelliJ IDEA 2018.1.3\bin -Dfile.encoding=UTF-8
# Warmup: 2 iterations, 1 s each
# Measurement: 5 iterations, 3 s each
# Timeout: 10 min per iteration
# Threads: 1 thread, will synchronize iterations
# Benchmark mode: Throughput, ops/time
# Benchmark: org.zhouhy.java8.collection.HashMapCycle.forEachEntrySet

# Run progress: 14.29% complete, ETA 00:01:50
# Fork: 1 of 1
# Warmup Iteration   1: 0.856 ops/ms
# Warmup Iteration   2: 0.674 ops/ms
Iteration   1: 0.852 ops/ms
Iteration   2: 0.833 ops/ms
Iteration   3: 0.862 ops/ms
Iteration   4: 0.785 ops/ms
Iteration   5: 0.809 ops/ms


Result "forEachEntrySet":
  0.828 ±(99.9%) 0.121 ops/ms [Average]
  (min, avg, max) = (0.785, 0.828, 0.862), stdev = 0.031
  CI (99.9%): [0.707, 0.949] (assumes normal distribution)


# JMH 1.12 (released 1699 days ago, please consider updating!)
# VM version: JDK 1.8.0_212, VM 25.212-b10
# VM invoker: C:\Program Files\Java\jdk1.8.0_212\jre\bin\java.exe
# VM options: -javaagent:C:\Program Files\JetBrains\IntelliJ IDEA 2018.1.3\lib\idea_rt.jar=50282:C:\Program Files\JetBrains\IntelliJ IDEA 2018.1.3\bin -Dfile.encoding=UTF-8
# Warmup: 2 iterations, 1 s each
# Measurement: 5 iterations, 3 s each
# Timeout: 10 min per iteration
# Threads: 1 thread, will synchronize iterations
# Benchmark mode: Throughput, ops/time
# Benchmark: org.zhouhy.java8.collection.HashMapCycle.forEachKeySet

# Run progress: 28.57% complete, ETA 00:01:30
# Fork: 1 of 1
# Warmup Iteration   1: 0.700 ops/ms
# Warmup Iteration   2: 0.733 ops/ms
Iteration   1: 0.691 ops/ms
Iteration   2: 0.741 ops/ms
Iteration   3: 0.778 ops/ms
Iteration   4: 0.794 ops/ms
Iteration   5: 0.737 ops/ms


Result "forEachKeySet":
  0.748 ±(99.9%) 0.154 ops/ms [Average]
  (min, avg, max) = (0.691, 0.748, 0.794), stdev = 0.040
  CI (99.9%): [0.594, 0.902] (assumes normal distribution)


# JMH 1.12 (released 1699 days ago, please consider updating!)
# VM version: JDK 1.8.0_212, VM 25.212-b10
# VM invoker: C:\Program Files\Java\jdk1.8.0_212\jre\bin\java.exe
# VM options: -javaagent:C:\Program Files\JetBrains\IntelliJ IDEA 2018.1.3\lib\idea_rt.jar=50282:C:\Program Files\JetBrains\IntelliJ IDEA 2018.1.3\bin -Dfile.encoding=UTF-8
# Warmup: 2 iterations, 1 s each
# Measurement: 5 iterations, 3 s each
# Timeout: 10 min per iteration
# Threads: 1 thread, will synchronize iterations
# Benchmark mode: Throughput, ops/time
# Benchmark: org.zhouhy.java8.collection.HashMapCycle.keySet

# Run progress: 42.86% complete, ETA 00:01:12
# Fork: 1 of 1
# Warmup Iteration   1: 0.765 ops/ms
# Warmup Iteration   2: 0.447 ops/ms
Iteration   1: 0.660 ops/ms
Iteration   2: 0.802 ops/ms
Iteration   3: 0.697 ops/ms
Iteration   4: 0.804 ops/ms
Iteration   5: 0.793 ops/ms


Result "keySet":
  0.751 ±(99.9%) 0.261 ops/ms [Average]
  (min, avg, max) = (0.660, 0.751, 0.804), stdev = 0.068
  CI (99.9%): [0.490, 1.012] (assumes normal distribution)


# JMH 1.12 (released 1699 days ago, please consider updating!)
# VM version: JDK 1.8.0_212, VM 25.212-b10
# VM invoker: C:\Program Files\Java\jdk1.8.0_212\jre\bin\java.exe
# VM options: -javaagent:C:\Program Files\JetBrains\IntelliJ IDEA 2018.1.3\lib\idea_rt.jar=50282:C:\Program Files\JetBrains\IntelliJ IDEA 2018.1.3\bin -Dfile.encoding=UTF-8
# Warmup: 2 iterations, 1 s each
# Measurement: 5 iterations, 3 s each
# Timeout: 10 min per iteration
# Threads: 1 thread, will synchronize iterations
# Benchmark mode: Throughput, ops/time
# Benchmark: org.zhouhy.java8.collection.HashMapCycle.lambda

# Run progress: 57.14% complete, ETA 00:00:54
# Fork: 1 of 1
# Warmup Iteration   1: 0.812 ops/ms
# Warmup Iteration   2: 0.827 ops/ms
Iteration   1: 0.860 ops/ms
Iteration   2: 0.839 ops/ms
Iteration   3: 0.787 ops/ms
Iteration   4: 0.866 ops/ms
Iteration   5: 0.755 ops/ms


Result "lambda":
  0.822 ±(99.9%) 0.185 ops/ms [Average]
  (min, avg, max) = (0.755, 0.822, 0.866), stdev = 0.048
  CI (99.9%): [0.636, 1.007] (assumes normal distribution)


# JMH 1.12 (released 1699 days ago, please consider updating!)
# VM version: JDK 1.8.0_212, VM 25.212-b10
# VM invoker: C:\Program Files\Java\jdk1.8.0_212\jre\bin\java.exe
# VM options: -javaagent:C:\Program Files\JetBrains\IntelliJ IDEA 2018.1.3\lib\idea_rt.jar=50282:C:\Program Files\JetBrains\IntelliJ IDEA 2018.1.3\bin -Dfile.encoding=UTF-8
# Warmup: 2 iterations, 1 s each
# Measurement: 5 iterations, 3 s each
# Timeout: 10 min per iteration
# Threads: 1 thread, will synchronize iterations
# Benchmark mode: Throughput, ops/time
# Benchmark: org.zhouhy.java8.collection.HashMapCycle.parallelStreamApi

# Run progress: 71.43% complete, ETA 00:00:36
# Fork: 1 of 1
# Warmup Iteration   1: 0.565 ops/ms
# Warmup Iteration   2: 0.519 ops/ms
Iteration   1: 0.645 ops/ms
Iteration   2: 0.615 ops/ms
Iteration   3: 0.553 ops/ms
Iteration   4: 0.613 ops/ms
Iteration   5: 0.629 ops/ms


Result "parallelStreamApi":
  0.611 ±(99.9%) 0.135 ops/ms [Average]
  (min, avg, max) = (0.553, 0.611, 0.645), stdev = 0.035
  CI (99.9%): [0.476, 0.746] (assumes normal distribution)


# JMH 1.12 (released 1699 days ago, please consider updating!)
# VM version: JDK 1.8.0_212, VM 25.212-b10
# VM invoker: C:\Program Files\Java\jdk1.8.0_212\jre\bin\java.exe
# VM options: -javaagent:C:\Program Files\JetBrains\IntelliJ IDEA 2018.1.3\lib\idea_rt.jar=50282:C:\Program Files\JetBrains\IntelliJ IDEA 2018.1.3\bin -Dfile.encoding=UTF-8
# Warmup: 2 iterations, 1 s each
# Measurement: 5 iterations, 3 s each
# Timeout: 10 min per iteration
# Threads: 1 thread, will synchronize iterations
# Benchmark mode: Throughput, ops/time
# Benchmark: org.zhouhy.java8.collection.HashMapCycle.streamApi

# Run progress: 85.71% complete, ETA 00:00:17
# Fork: 1 of 1
# Warmup Iteration   1: 0.735 ops/ms
# Warmup Iteration   2: 0.681 ops/ms
Iteration   1: 0.739 ops/ms
Iteration   2: 0.686 ops/ms
Iteration   3: 0.817 ops/ms
Iteration   4: 0.755 ops/ms
Iteration   5: 0.741 ops/ms


Result "streamApi":
  0.747 ±(99.9%) 0.180 ops/ms [Average]
  (min, avg, max) = (0.686, 0.747, 0.817), stdev = 0.047
  CI (99.9%): [0.567, 0.927] (assumes normal distribution)


# Run complete. Total time: 00:02:05

Benchmark                        Mode  Cnt  Score   Error   Units
HashMapCycle.entrySet           thrpt    5  0.845 ± 0.068  ops/ms
HashMapCycle.forEachEntrySet    thrpt    5  0.828 ± 0.121  ops/ms
HashMapCycle.forEachKeySet      thrpt    5  0.748 ± 0.154  ops/ms
HashMapCycle.keySet             thrpt    5  0.751 ± 0.261  ops/ms
HashMapCycle.lambda             thrpt    5  0.822 ± 0.185  ops/ms
HashMapCycle.parallelStreamApi  thrpt    5  0.611 ± 0.135  ops/ms
HashMapCycle.streamApi          thrpt    5  0.747 ± 0.180  ops/ms
